[INFO] 23-03-2025 08:37:59 [main] LogUtils - Chạy test tiến độ kpi cá nhân
[INFO] 23-03-2025 10:45:04 [main] LogUtils - Chạy test case login
[INFO] 23-03-2025 10:46:04 [main] LogUtils - Chạy test case login
[INFO] 23-03-2025 10:46:06 [main] LogUtils - Chạy test case login
[INFO] 23-03-2025 10:46:25 [main] LogUtils - Chạy test case login
[INFO] 23-03-2025 10:46:53 [main] LogUtils - Chạy test case login
[INFO] 23-03-2025 10:48:07 [main] LogUtils - Chạy test case login
[INFO] 23-03-2025 10:48:12 [main] LogUtils - Chạy test case login
[INFO] 23-03-2025 10:48:18 [main] LogUtils - Chạy test case login
[INFO] 23-03-2025 10:48:23 [main] LogUtils - Chạy test case login
[INFO] 23-03-2025 10:48:28 [main] LogUtils - Chạy test case login
[INFO] 23-03-2025 10:48:34 [main] LogUtils - Chạy test case login
[INFO] 23-03-2025 10:48:38 [main] LogUtils - Chạy test case login
[INFO] 23-03-2025 10:48:46 [main] LogUtils - Chạy test case login
[INFO] 23-03-2025 10:49:02 [main] LogUtils - Chạy test case login
[INFO] 23-03-2025 10:49:13 [main] LogUtils - Chạy test case login
[INFO] 23-03-2025 10:49:48 [main] LogUtils - Chạy test case login
[INFO] 23-03-2025 10:50:46 [main] LogUtils - Chạy test case login
[INFO] 23-03-2025 20:16:53 [main] LogUtils - Chạy test case login
[INFO] 23-03-2025 20:17:25 [main] LogUtils - Chạy test case login
[INFO] 23-03-2025 20:17:30 [main] LogUtils - Chạy test case login
[INFO] 23-03-2025 21:01:03 [main] LogUtils - Chạy test case login
[INFO] 23-03-2025 21:01:23 [main] LogUtils - Chạy test case login
[INFO] 23-03-2025 21:01:39 [main] LogUtils - Chạy test case login
[INFO] 23-03-2025 21:02:01 [main] LogUtils - Chạy test case login
[INFO] 23-03-2025 21:02:05 [main] LogUtils - Chạy test case login
[INFO] 23-03-2025 21:02:53 [main] LogUtils - Chạy test case login
[INFO] 23-03-2025 21:03:09 [main] LogUtils - Chạy test case login
[INFO] 23-03-2025 21:03:12 [main] LogUtils - Chạy test case login
[INFO] 23-03-2025 21:03:46 [main] LogUtils - Chạy test case login
[INFO] 23-03-2025 21:04:22 [main] LogUtils - Chạy test case login
[INFO] 24-03-2025 08:18:58 [main] LogUtils - Chạy test case login
[INFO] 24-03-2025 08:19:04 [main] LogUtils - Chạy test case login
[INFO] 24-03-2025 08:19:13 [main] LogUtils - Chạy test case login
[INFO] 24-03-2025 08:19:16 [main] LogUtils - Chạy test case login
[INFO] 24-03-2025 08:19:24 [main] LogUtils - Chạy test case login
[INFO] 24-03-2025 08:19:29 [main] LogUtils - Chạy test case login
[INFO] 24-03-2025 08:19:35 [main] LogUtils - Chạy test case login
[INFO] 24-03-2025 08:19:38 [main] LogUtils - Chạy test case login
[INFO] 24-03-2025 08:19:47 [main] LogUtils - Chạy test case login
[INFO] 24-03-2025 08:19:53 [main] LogUtils - Chạy test case login
[INFO] 24-03-2025 10:25:59 [main] LogUtils - Chạy test case login
[INFO] 24-03-2025 10:30:01 [main] LogUtils - Chạy test case login
[INFO] 24-03-2025 10:30:08 [main] LogUtils - Chạy test case login
[INFO] 24-03-2025 10:30:16 [main] LogUtils - Chạy test case login
[INFO] 24-03-2025 10:30:26 [main] LogUtils - Chạy test case login
[INFO] 24-03-2025 19:33:39 [main] LogUtils - Chạy test case login
[INFO] 24-03-2025 19:34:24 [main] LogUtils - Chạy test case login
[INFO] 24-03-2025 19:34:42 [main] LogUtils - Chạy test case login
[INFO] 24-03-2025 19:34:47 [main] LogUtils - Chạy test case login
[INFO] 24-03-2025 19:37:04 [main] LogUtils - Chạy test case login
[INFO] 24-03-2025 19:37:25 [main] LogUtils - Chạy test case login
[INFO] 24-03-2025 19:37:29 [main] LogUtils - Chạy test case login
[INFO] 24-03-2025 19:37:41 [main] LogUtils - Chạy test case login
[INFO] 24-03-2025 19:38:01 [main] LogUtils - Chạy test case login
[INFO] 24-03-2025 19:38:17 [main] LogUtils - Chạy test case login
[INFO] 24-03-2025 19:41:00 [main] LogUtils - Chạy test case login
[INFO] 24-03-2025 19:41:06 [main] LogUtils - Chạy test case login
[INFO] 24-03-2025 19:41:25 [main] LogUtils - Chạy test case login
[INFO] 24-03-2025 19:55:21 [main] LogUtils - Chạy test tiến độ kpi cá nhân
[INFO] 24-03-2025 20:03:30 [main] LogUtils - Chạy test case login
[INFO] 24-03-2025 20:03:40 [main] LogUtils - Chạy test case login
[INFO] 29-03-2025 11:09:16 [main] LogUtils - Remaining Leave Title: Phép tồn
[INFO] 29-03-2025 11:09:18 [main] LogUtils - Register Leave Title: Register for annual leave
[INFO] 29-03-2025 13:10:17 [TestNG-tests-1] LogUtils - Chạy test case login
[INFO] 29-03-2025 13:10:45 [TestNG-tests-1] LogUtils - Chạy test case login
[INFO] 29-03-2025 13:11:07 [TestNG-tests-1] LogUtils - Chạy test case login
[INFO] 29-03-2025 13:11:17 [TestNG-tests-2] LogUtils - Chạy test case login
[INFO] 29-03-2025 13:11:31 [TestNG-tests-1] LogUtils - Chạy test case login
